<?xml version="1.0" encoding="UTF-8"?>
<!-- Generated by org.testng.reporters.JUnitReportReporter -->
<testsuite hostname="DESKTOP-J7K0D42" failures="0" tests="3" name="com.Automation.TestCase.SmokeTestingSuit" time="20.547" errors="0" timestamp="2023-11-27T14:23:34 IST" skipped="0">
  <testcase classname="com.Automation.TestCase.SmokeTestingSuit" name="loginTest" time="17.391"/>
  <system-out/>
  <testcase classname="com.Automation.TestCase.SmokeTestingSuit" name="clickNewCustomerLink" time="3.145"/>
  <system-out/>
  <testcase classname="com.Automation.TestCase.SmokeTestingSuit" name="print" time="0.011"/>
  <system-out/>
</testsuite> <!-- com.Automation.TestCase.SmokeTestingSuit -->
