<?xml version="1.0" encoding="UTF-8"?>
<!-- Generated by org.testng.reporters.JUnitReportReporter -->
<testsuite hostname="DESKTOP-J7K0D42" failures="0" tests="2" name="testNGPractice.PriorityTest" time="0.019" errors="0" timestamp="2023-11-27T15:32:05 IST" skipped="0">
  <testcase classname="testNGPractice.PriorityTest" name="C" time="0.017"/>
  <system-out/>
  <testcase classname="testNGPractice.PriorityTest" name="A" time="0.002"/>
  <system-out/>
</testsuite> <!-- testNGPractice.PriorityTest -->
