<?xml version="1.0" encoding="UTF-8"?>
<!-- Generated by org.testng.reporters.JUnitReportReporter -->
<testsuite hostname="DESKTOP-J7K0D42" failures="0" tests="2" name="com.Automation.TestCase.TC_LoginTest_0001" time="29.801" errors="0" timestamp="2023-11-27T14:18:53 IST" skipped="0">
  <testcase classname="com.Automation.TestCase.TC_LoginTest_0001" name="loginTest" time="17.472"/>
  <system-out/>
  <testcase classname="com.Automation.TestCase.TC_LoginTest_0001" name="loginTest" time="12.329"/>
  <system-out/>
</testsuite> <!-- com.Automation.TestCase.TC_LoginTest_0001 -->
