<?xml version="1.0" encoding="UTF-8"?>
<!-- Generated by org.testng.reporters.JUnitReportReporter -->
<testsuite hostname="DESKTOP-J7K0D42" failures="0" tests="1" name="testNGPractice.Grouping" time="0.003" errors="0" timestamp="2023-11-27T15:32:05 IST" skipped="0">
  <testcase classname="testNGPractice.Grouping" name="G" time="0.003"/>
  <system-out/>
</testsuite> <!-- testNGPractice.Grouping -->
